<?xml version="1.0" encoding="UTF-8"?>
<testsuite xmlns:xsi="http://www.w3.org/2001/XMLSchema-instance" xsi:noNamespaceSchemaLocation="https://maven.apache.org/surefire/maven-surefire-plugin/xsd/surefire-test-report.xsd" version="3.0.2" name="com.attendance.auth.StaffIntegrationTest" time="91.828" tests="1" errors="0" skipped="0" failures="0">
  <properties>
[...]
</properties>
  <testcase name="testCreateStaff_ThenChangeStatusToInactive_ThenVerifyInList" classname="com.attendance.auth.StaffIntegrationTest" time="8.893">
    <system-out><![CDATA[16:11:47.623 [main] INFO org.springframework.test.context.support.AnnotationConfigContextLoaderUtils -- Could not detect default configuration classes for test class [com.attendance.auth.StaffIntegrationTest]: StaffIntegrationTest does not declare any static, non-private, non-final, nested classes annotated with @Configuration.
16:11:49.658 [main] INFO org.springframework.boot.test.context.SpringBootTestContextBootstrapper -- Found @SpringBootConfiguration com.attendance.auth.AuthServiceApplication for test class com.attendance.auth.StaffIntegrationTest

  .   ____          _            __ _ _
 /\\ / ___'_ __ _ _(_)_ __  __ _ \ \ \ \
( ( )\___ | '_ | '_| | '_ \/ _` | \ \ \ \
 \\/  ___)| |_)| | | | | || (_| |  ) ) ) )
  '  |____| .__|_| |_|_| |_\__, | / / / /
 =========|_|==============|___/=/_/_/_/

 :: Spring Boot ::                (v3.4.5)

2026-05-13T16:11:57.095Z  INFO 170 --- [auth-service] [           main] c.attendance.auth.StaffIntegrationTest   : Starting StaffIntegrationTest using Java 21.0.3 with PID 170 (started by root in /app)
2026-05-13T16:11:57.100Z DEBUG 170 --- [auth-service] [           main] c.attendance.auth.StaffIntegrationTest   : Running with Spring Boot v3.4.5, Spring v6.2.6
2026-05-13T16:11:57.101Z  INFO 170 --- [auth-service] [           main] c.attendance.auth.StaffIntegrationTest   : The following 1 profile is active: "test"
2026-05-13T16:12:10.062Z  INFO 170 --- [auth-service] [           main] .s.d.r.c.RepositoryConfigurationDelegate : Bootstrapping Spring Data JPA repositories in DEFAULT mode.
2026-05-13T16:12:13.098Z  INFO 170 --- [auth-service] [           main] .s.d.r.c.RepositoryConfigurationDelegate : Finished Spring Data repository scanning in 2899 ms. Found 2 JPA repository interfaces.
2026-05-13T16:12:14.771Z  INFO 170 --- [auth-service] [           main] o.s.cloud.context.scope.GenericScope     : BeanFactory id=d9e6aa67-5184-3445-b1a7-fd0f58982037
2026-05-13T16:12:20.767Z  INFO 170 --- [auth-service] [           main] o.hibernate.jpa.internal.util.LogHelper  : HHH000204: Processing PersistenceUnitInfo [name: default]
2026-05-13T16:12:22.579Z  INFO 170 --- [auth-service] [           main] org.hibernate.Version                    : HHH000412: Hibernate ORM core version 6.6.13.Final
2026-05-13T16:12:23.563Z  INFO 170 --- [auth-service] [           main] o.h.c.internal.RegionFactoryInitiator    : HHH000026: Second-level cache disabled
2026-05-13T16:12:28.652Z  INFO 170 --- [auth-service] [           main] o.s.o.j.p.SpringPersistenceUnitInfo      : No LoadTimeWeaver setup: ignoring JPA class transformer
2026-05-13T16:12:29.004Z  INFO 170 --- [auth-service] [           main] com.zaxxer.hikari.HikariDataSource       : HikariPool-1 - Starting...
2026-05-13T16:12:32.199Z  INFO 170 --- [auth-service] [           main] com.zaxxer.hikari.pool.HikariPool        : HikariPool-1 - Added connection conn0: url=jdbc:h2:mem:testdb user=SA
2026-05-13T16:12:32.233Z  INFO 170 --- [auth-service] [           main] com.zaxxer.hikari.HikariDataSource       : HikariPool-1 - Start completed.
2026-05-13T16:12:32.715Z  WARN 170 --- [auth-service] [           main] org.hibernate.orm.deprecation            : HHH90000025: H2Dialect does not need to be specified explicitly using 'hibernate.dialect' (remove the property setting and it will be selected by default)
2026-05-13T16:12:33.105Z  INFO 170 --- [auth-service] [           main] org.hibernate.orm.connections.pooling    : HHH10001005: Database info:
	Database JDBC URL [Connecting through datasource 'HikariDataSource (HikariPool-1)']
	Database driver: undefined/unknown
	Database version: 2.3.232
	Autocommit mode: undefined/unknown
	Isolation level: undefined/unknown
	Minimum pool size: undefined/unknown
	Maximum pool size: undefined/unknown
2026-05-13T16:12:47.421Z  INFO 170 --- [auth-service] [           main] o.h.e.t.j.p.i.JtaPlatformInitiator       : HHH000489: No JTA platform available (set 'hibernate.transaction.jta.platform' to enable JTA platform integration)
Hibernate: 
    drop table if exists invalidated_tokens cascade 
Hibernate: 
    drop table if exists staffs cascade 
Hibernate: 
    create table invalidated_tokens (
        expiry_time timestamp(6) not null,
        id varchar(36) not null,
        primary key (id)
    )
Hibernate: 
    create table staffs (
        dob date,
        onboard_date date,
        role varchar(10),
        id uuid not null,
        identity_card varchar(20),
        phone varchar(20),
        staff_id varchar(20) not null unique,
        status varchar(20),
        bank_account varchar(30),
        bank_name varchar(255),
        department varchar(255),
        email varchar(255) not null unique,
        name varchar(255) not null,
        password varchar(255) not null,
        position varchar(255),
        primary key (id)
    )
2026-05-13T16:12:47.918Z  INFO 170 --- [auth-service] [           main] j.LocalContainerEntityManagerFactoryBean : Initialized JPA EntityManagerFactory for persistence unit 'default'
2026-05-13T16:12:55.102Z  WARN 170 --- [auth-service] [           main] JpaBaseConfiguration$JpaWebConfiguration : spring.jpa.open-in-view is enabled by default. Therefore, database queries may be performed during view rendering. Explicitly configure spring.jpa.open-in-view to disable this warning
2026-05-13T16:13:04.287Z  INFO 170 --- [auth-service] [           main] o.s.b.t.m.w.SpringBootMockServletContext : Initializing Spring TestDispatcherServlet ''
2026-05-13T16:13:04.288Z  INFO 170 --- [auth-service] [           main] o.s.t.web.servlet.TestDispatcherServlet  : Initializing Servlet ''
2026-05-13T16:13:04.327Z  INFO 170 --- [auth-service] [           main] o.s.b.a.e.web.EndpointLinksResolver      : Exposing 2 endpoints beneath base path '/actuator'
2026-05-13T16:13:04.436Z  INFO 170 --- [auth-service] [           main] o.s.t.web.servlet.TestDispatcherServlet  : Completed initialization in 145 ms
2026-05-13T16:13:04.756Z  INFO 170 --- [auth-service] [           main] DiscoveryClientOptionalArgsConfiguration : Eureka HTTP Client uses RestTemplate.
2026-05-13T16:13:05.379Z  WARN 170 --- [auth-service] [           main] iguration$LoadBalancerCaffeineWarnLogger : Spring Cloud LoadBalancer is currently working with the default cache. While this cache implementation is useful for development and tests, it's recommended to use Caffeine cache in production.You can switch to using Caffeine cache, by adding it and org.springframework.cache.caffeine.CaffeineCacheManager to the classpath.
2026-05-13T16:13:05.748Z  INFO 170 --- [auth-service] [           main] c.attendance.auth.StaffIntegrationTest   : Started StaffIntegrationTest in 73.41 seconds (process running for 83.356)
Hibernate: 
    select
        s1_0.id 
    from
        staffs s1_0 
    where
        s1_0.email=? 
    fetch
        first ? rows only
Hibernate: 
    insert 
    into
        staffs
        (bank_account, bank_name, department, dob, email, identity_card, name, onboard_date, password, phone, position, role, staff_id, status, id) 
    values
        (?, ?, ?, ?, ?, ?, ?, ?, ?, ?, ?, ?, ?, ?, ?)
2026-05-13T16:13:08.319Z  INFO 170 --- [auth-service] [           main] c.a.auth.config.DataInitializer          : [DataInitializer] ✅ Admin account created: email=admin@example.com, staffId=SYS000001
2026-05-13T16:13:14.618Z  INFO 170 --- [auth-service] [           main] c.a.auth.controller.StaffController      : Admin creating new staff: email=test.integration@company.com
Hibernate: 
    select
        s1_0.id 
    from
        staffs s1_0 
    where
        s1_0.email=? 
    fetch
        first ? rows only
Hibernate: 
    select
        s1_0.id,
        s1_0.bank_account,
        s1_0.bank_name,
        s1_0.department,
        s1_0.dob,
        s1_0.email,
        s1_0.identity_card,
        s1_0.name,
        s1_0.onboard_date,
        s1_0.password,
        s1_0.phone,
        s1_0.position,
        s1_0.role,
        s1_0.staff_id,
        s1_0.status 
    from
        staffs s1_0
Hibernate: 
    select
        s1_0.id 
    from
        staffs s1_0 
    where
        s1_0.staff_id=? 
    fetch
        first ? rows only
2026-05-13T16:13:15.028Z DEBUG 170 --- [auth-service] [           main] c.attendance.auth.service.StaffService   : Staff NV000001 - default password generated from dob (hashed)
2026-05-13T16:13:15.032Z  INFO 170 --- [auth-service] [           main] c.attendance.auth.service.StaffService   : New staff created: staffId=NV000001, name=Nguyen Van Test, role=USER
2026-05-13T16:13:16.673Z  INFO 170 --- [auth-service] [           main] c.attendance.auth.service.StaffService   : Staff status changed: id=658c2b55-06e6-453d-a034-3dd3e5d988e6, staffId=NV000001, newStatus=INACTIVE
2026-05-13T16:13:16.690Z  INFO 170 --- [auth-service] [           main] c.a.auth.controller.StaffController      : Admin getting all staff list
2026-05-13T16:13:16.691Z  INFO 170 --- [auth-service] [           main] c.attendance.auth.service.StaffService   : Fetching all staff members from database
Hibernate: 
    insert 
    into
        staffs
        (bank_account, bank_name, department, dob, email, identity_card, name, onboard_date, password, phone, position, role, staff_id, status, id) 
    values
        (?, ?, ?, ?, ?, ?, ?, ?, ?, ?, ?, ?, ?, ?, ?)
Hibernate: 
    update
        staffs 
    set
        bank_account=?,
        bank_name=?,
        department=?,
        dob=?,
        email=?,
        identity_card=?,
        name=?,
        onboard_date=?,
        password=?,
        phone=?,
        position=?,
        role=?,
        staff_id=?,
        status=? 
    where
        id=?
Hibernate: 
    select
        s1_0.id,
        s1_0.bank_account,
        s1_0.bank_name,
        s1_0.department,
        s1_0.dob,
        s1_0.email,
        s1_0.identity_card,
        s1_0.name,
        s1_0.onboard_date,
        s1_0.password,
        s1_0.phone,
        s1_0.position,
        s1_0.role,
        s1_0.staff_id,
        s1_0.status 
    from
        staffs s1_0
]]></system-out>
    <system-err><![CDATA[Mockito is currently self-attaching to enable the inline-mock-maker. This will no longer work in future releases of the JDK. Please add Mockito as an agent to your build what is described in Mockito's documentation: https://javadoc.io/doc/org.mockito/mockito-core/latest/org/mockito/Mockito.html#0.3
WARNING: A Java agent has been loaded dynamically (/root/.m2/repository/net/bytebuddy/byte-buddy-agent/1.15.11/byte-buddy-agent-1.15.11.jar)
WARNING: If a serviceability tool is in use, please run with -XX:+EnableDynamicAgentLoading to hide this warning
WARNING: If a serviceability tool is not in use, please run with -Djdk.instrument.traceUsage for more information
WARNING: Dynamic loading of agents will be disallowed by default in a future release
]]></system-err>
  </testcase>
</testsuite>